<?xml version="1.0" encoding="UTF-8"?>
<testng-results ignored="0" total="1" passed="1" failed="0" skipped="0">
  <reporter-output>
  </reporter-output>
  <suite started-at="2020-11-14T09:38:50 EET" name="Default suite" finished-at="2020-11-14T09:38:54 EET" duration-ms="3832">
    <groups>
    </groups>
    <test started-at="2020-11-14T09:38:50 EET" name="Default test" finished-at="2020-11-14T09:38:54 EET" duration-ms="3832">
      <class name="getRequest.GetData">
        <test-method signature="testResponseCode()[pri:0, instance:getRequest.GetData@5bfa9431]" started-at="2020-11-14T09:38:50 EET" name="testResponseCode" finished-at="2020-11-14T09:38:54 EET" duration-ms="3770" status="PASS">
          <reporter-output>
          </reporter-output>
        </test-method> <!-- testResponseCode -->
      </class> <!-- getRequest.GetData -->
    </test> <!-- Default test -->
  </suite> <!-- Default suite -->
</testng-results>
